<?xml version="1.0" encoding="UTF-8"?>
<!-- Generated by org.testng.reporters.JUnitReportReporter -->
<testsuite skipped="0" hostname="HOME-PC" name="TestCases.TC_Multiply" tests="1" failures="0" timestamp="8 Jun 2021 10:50:18 GMT" time="255.154" errors="0">
  <testcase name="TC_MultiplicationOfTwoNumbers" time="255.154" classname="TestCases.TC_Multiply"/>
</testsuite> <!-- TestCases.TC_Multiply -->
