<?xml version="1.0" encoding="UTF-8"?>
<!-- Generated by org.testng.reporters.JUnitReportReporter -->
<testsuite skipped="0" hostname="HOME-PC" name="TestCases.TC_Division" tests="1" failures="0" timestamp="8 Jun 2021 10:50:18 GMT" time="260.029" errors="0">
  <testcase name="TC_DivisionOfTwoNumbers" time="260.029" classname="TestCases.TC_Division"/>
</testsuite> <!-- TestCases.TC_Division -->
