<?xml version="1.0" encoding="UTF-8"?>
<!-- Generated by org.testng.reporters.JUnitReportReporter -->
<testsuite skipped="0" hostname="HOME-PC" name="TestCases.TC_Addition" tests="1" failures="0" timestamp="8 Jun 2021 10:50:18 GMT" time="289.855" errors="0">
  <testcase name="TC_AdditionOfTwoNumbers" time="289.855" classname="TestCases.TC_Addition"/>
</testsuite> <!-- TestCases.TC_Addition -->
